<?xml version="1.0" encoding="UTF-8"?>
<!-- Generated by org.testng.reporters.JUnitXMLReporter -->
<testsuite hostname="DESKTOP-HNAEA5M" ignored="0" name="FirefoxTest" tests="4" failures="1" timestamp="26 Jul 2017 14:38:35 GMT" time="268.154" errors="0">
  <testcase name="EachLetter" time="98.959" classname="script.OutLetRod"/>
  <testcase name="infieldClickable" time="17.855" classname="script.OutLetRod"/>
  <testcase name="space" time="7.227" classname="script.OutLetRod"/>
  <testcase name="http" time="0.397" classname="script.OutLetRod">
    <failure type="java.lang.AssertionError" message="null">
      <![CDATA[java.lang.AssertionError: null
	at script.OutLetRod.http(OutLetRod.java:188)
	at java.util.concurrent.FutureTask.run(Unknown Source)
	at java.util.concurrent.ThreadPoolExecutor.runWorker(Unknown Source)
	at java.util.concurrent.ThreadPoolExecutor$Worker.run(Unknown Source)
	at java.lang.Thread.run(Unknown Source)
... Removed 18 stack frames]]>
    </failure>
  </testcase> <!-- http -->
</testsuite> <!-- FirefoxTest -->
