<?xml version="1.0" encoding="UTF-8"?>
<!-- Generated by org.testng.reporters.JUnitXMLReporter -->
<testsuite hostname="DESKTOP-HNAEA5M" ignored="0" name="InternetExplorerTest" tests="4" failures="0" timestamp="25 Jul 2017 18:15:19 GMT" time="0.154" errors="0">
  <testcase name="@BeforeMethod open" time="0.003" classname="script.OutLetRod">
    <failure type="java.lang.NullPointerException">
      <![CDATA[java.lang.NullPointerException
	at script.OutLetRod.open(OutLetRod.java:52)
	at java.util.concurrent.FutureTask.run(Unknown Source)
	at java.util.concurrent.ThreadPoolExecutor.runWorker(Unknown Source)
	at java.util.concurrent.ThreadPoolExecutor$Worker.run(Unknown Source)
	at java.lang.Thread.run(Unknown Source)
... Removed 18 stack frames]]>
    </failure>
  </testcase> <!-- @BeforeMethod open -->
  <testcase name="@BeforeMethod open" time="0.0" classname="script.OutLetRod">
    <skipped/>
  </testcase> <!-- @BeforeMethod open -->
  <testcase name="@BeforeMethod open" time="0.0" classname="script.OutLetRod">
    <skipped/>
  </testcase> <!-- @BeforeMethod open -->
  <testcase name="@BeforeMethod open" time="0.0" classname="script.OutLetRod">
    <skipped/>
  </testcase> <!-- @BeforeMethod open -->
  <testcase name="EachLetter" time="0.001" classname="script.OutLetRod">
    <skipped/>
  </testcase> <!-- EachLetter -->
  <testcase name="infieldClickable" time="0.0" classname="script.OutLetRod">
    <skipped/>
  </testcase> <!-- infieldClickable -->
  <testcase name="space" time="0.0" classname="script.OutLetRod">
    <skipped/>
  </testcase> <!-- space -->
  <testcase name="http" time="0.0" classname="script.OutLetRod">
    <skipped/>
  </testcase> <!-- http -->
</testsuite> <!-- InternetExplorerTest -->
