<?xml version="1.0" encoding="UTF-8"?>
<testng-results skipped="0" failed="0" ignored="0" total="1" passed="1">
  <reporter-output>
  </reporter-output>
  <suite name="Suite" duration-ms="13748" started-at="2017-07-16T10:06:24Z" finished-at="2017-07-16T10:06:38Z">
    <groups>
    </groups>
    <test name="Test" duration-ms="13748" started-at="2017-07-16T10:06:24Z" finished-at="2017-07-16T10:06:38Z">
      <class name="script.Verify">
        <test-method status="PASS" signature="setPath()[pri:0, instance:script.Verify@3159c4b8]" name="setPath" is-config="true" duration-ms="11" started-at="2017-07-16T15:36:24Z" finished-at="2017-07-16T15:36:24Z">
          <reporter-output>
          </reporter-output>
        </test-method> <!-- setPath -->
        <test-method status="PASS" signature="openB(java.lang.String)[pri:0, instance:script.Verify@3159c4b8]" name="openB" is-config="true" duration-ms="5148" started-at="2017-07-16T15:36:24Z" finished-at="2017-07-16T15:36:29Z">
          <params>
            <param index="0">
              <value>
                <![CDATA[chrome]]>
              </value>
            </param>
          </params>
          <reporter-output>
          </reporter-output>
        </test-method> <!-- openB -->
        <test-method status="PASS" signature="verifyVersion()[pri:0, instance:script.Verify@3159c4b8]" name="verifyVersion" duration-ms="8417" started-at="2017-07-16T15:36:29Z" finished-at="2017-07-16T15:36:38Z">
          <reporter-output>
          </reporter-output>
        </test-method> <!-- verifyVersion -->
        <test-method status="PASS" signature="closeB()[pri:0, instance:script.Verify@3159c4b8]" name="closeB" is-config="true" duration-ms="161" started-at="2017-07-16T15:36:38Z" finished-at="2017-07-16T15:36:38Z">
          <reporter-output>
          </reporter-output>
        </test-method> <!-- closeB -->
      </class> <!-- script.Verify -->
    </test> <!-- Test -->
  </suite> <!-- Suite -->
</testng-results>
